<?xml version="1.0" encoding="UTF-8"?>
<!-- Generated by org.testng.reporters.JUnitXMLReporter -->
<testsuite ignored="0" hostname="MSI" failures="0" tests="123" name="Revature_project2" time="47.946" errors="0" timestamp="2022-01-12T12:18:52 PST">
  <testcase classname="dao.UserDAOTests" name="testCreateAccountExistingEmail" time="1.187"/>
  <testcase classname="dao.UserDAOTests" name="testCreateAccountExistingUserName" time="0.948"/>
  <testcase classname="dao.UserDAOTests" name="testCreateAccountSuccess" time="0.941"/>
  <testcase classname="dao.UserDAOTests" name="testDeleteUserByIdNonExistingId" time="0.935"/>
  <testcase classname="dao.UserDAOTests" name="testEditUserInformationByIdExistingEmail" time="0.941"/>
  <testcase classname="dao.UserDAOTests" name="testEditUserInformationByIdExistingName" time="0.936"/>
  <testcase classname="dao.UserDAOTests" name="testEditUserInformationByIdNonExistingId" time="0.942"/>
  <testcase classname="dao.UserDAOTests" name="testEditUserInformationByIdSuccess" time="0.938"/>
  <testcase classname="dao.UserDAOTests" name="testGetUserByIdNonExistingId" time="0.943"/>
  <testcase classname="dao.UserDAOTests" name="testGetUserByIdSuccess" time="0.926"/>
  <testcase classname="dao.UserDAOTests" name="testGetUsers" time="0.934"/>
  <testcase classname="dao.UserDAOTests" name="testGetUsersByFirstNameNonExistingFirstName" time="0.981"/>
  <testcase classname="dao.UserDAOTests" name="testGetUsersByFirstNameSuccess" time="0.928"/>
  <testcase classname="dao.UserDAOTests" name="testRequestLoginIncorrectCredentialsCase1" time="0.946"/>
  <testcase classname="dao.UserDAOTests" name="testRequestLoginIncorrectCredentialsCase2" time="0.958"/>
  <testcase classname="dao.UserDAOTests" name="testRequestLoginIncorrectCredentialsCase3" time="0.941"/>
  <testcase classname="dao.UserDAOTests" name="testRequestLoginSuccess" time="0.923"/>
  <testcase classname="dao.UserDAOTests" name="testDeleteUserByIdSuccess" time="0.926"/>
  <testcase classname="service.UserServiceTests" name="serviceRequestLoginEmptyPassword" time="0.0"/>
  <testcase classname="service.UserServiceTests" name="serviceRequestLoginEmptyUserName" time="0.0"/>
  <testcase classname="service.UserServiceTests" name="serviceRequestLoginEmptyUserNameAndPassword" time="0.0"/>
  <testcase classname="service.UserServiceTests" name="serviceRequestLoginLongPassword" time="0.0"/>
  <testcase classname="service.UserServiceTests" name="serviceRequestLoginLongUserName" time="0.0"/>
  <testcase classname="service.UserServiceTests" name="serviceRequestLoginLongUserNameAndPassword" time="0.0"/>
  <testcase classname="service.UserServiceTests" name="testServiceCreateAccountEmptyEmail" time="0.001"/>
  <testcase classname="service.UserServiceTests" name="testServiceCreateAccountEmptyFirstName" time="0.0"/>
  <testcase classname="service.UserServiceTests" name="testServiceCreateAccountEmptyLastName" time="0.0"/>
  <testcase classname="service.UserServiceTests" name="testServiceCreateAccountEmptyPassword" time="0.0"/>
  <testcase classname="service.UserServiceTests" name="testServiceCreateAccountEmptyUserName" time="0.0"/>
  <testcase classname="service.UserServiceTests" name="testServiceCreateAccountLongEmail" time="0.0"/>
  <testcase classname="service.UserServiceTests" name="testServiceCreateAccountLongFirstName" time="0.0"/>
  <testcase classname="service.UserServiceTests" name="testServiceCreateAccountLongLastName" time="0.0"/>
  <testcase classname="service.UserServiceTests" name="testServiceCreateAccountLongPassword" time="0.0"/>
  <testcase classname="service.UserServiceTests" name="testServiceCreateAccountLongUserName" time="0.0"/>
  <testcase classname="service.UserServiceTests" name="testServiceDeleteUserByIdNegativeId" time="0.0"/>
  <testcase classname="service.UserServiceTests" name="testServiceEditUserInformationByIdEmptyEmail" time="0.0"/>
  <testcase classname="service.UserServiceTests" name="testServiceEditUserInformationByIdEmptyFirstName" time="0.0"/>
  <testcase classname="service.UserServiceTests" name="testServiceEditUserInformationByIdEmptyLastName" time="0.001"/>
  <testcase classname="service.UserServiceTests" name="testServiceEditUserInformationByIdEmptyUserName" time="0.0"/>
  <testcase classname="service.UserServiceTests" name="testServiceEditUserInformationByIdLongEmail" time="0.0"/>
  <testcase classname="service.UserServiceTests" name="testServiceEditUserInformationByIdLongFirstName" time="0.0"/>
  <testcase classname="service.UserServiceTests" name="testServiceEditUserInformationByIdLongLastName" time="0.0"/>
  <testcase classname="service.UserServiceTests" name="testServiceEditUserInformationByIdLongPassword" time="0.0"/>
  <testcase classname="service.UserServiceTests" name="testServiceEditUserInformationByIdLongUserName" time="0.0"/>
  <testcase classname="service.UserServiceTests" name="testServiceEditUserInformationByIdNegativeId" time="0.0"/>
  <testcase classname="service.UserServiceTests" name="testServiceGetUserByFirstNameEmptyFirstName" time="0.0"/>
  <testcase classname="service.UserServiceTests" name="testServiceGetUserByFirstNameLongFirstName" time="0.0"/>
  <testcase classname="service.UserServiceTests" name="testServiceGetUserByIdNegativeId" time="0.0"/>
  <testcase classname="dao.CommentDAOTests" name="createComment" time="0.986"/>
  <testcase classname="dao.CommentDAOTests" name="deleteCommentById" time="0.928"/>
  <testcase classname="dao.CommentDAOTests" name="getAllComments" time="0.942"/>
  <testcase classname="dao.CommentDAOTests" name="getCommentsByPostId" time="0.932"/>
  <testcase classname="dao.CommentDAOTests" name="selectCommentById" time="0.944"/>
  <testcase classname="dao.CommentDAOTests" name="selectCommentByIdFail" time="0.927"/>
  <testcase classname="service.CommentServiceTests" name="serviceCreateComment" time="0.013"/>
  <testcase classname="service.CommentServiceTests" name="serviceCreateEmptyComment" time="0.0"/>
  <testcase classname="service.CommentServiceTests" name="serviceCreateLongComment" time="0.0"/>
  <testcase classname="service.CommentServiceTests" name="serviceCreateNegativePostID" time="0.0"/>
  <testcase classname="service.CommentServiceTests" name="serviceCreateNegativeUserID" time="0.0"/>
  <testcase classname="service.CommentServiceTests" name="serviceDeleteCommentByID" time="0.001"/>
  <testcase classname="service.CommentServiceTests" name="serviceDeleteCommentByNegativeId" time="0.001"/>
  <testcase classname="service.CommentServiceTests" name="serviceGetCommentByID" time="0.0"/>
  <testcase classname="service.CommentServiceTests" name="serviceGetCommentByNegativeId" time="0.0"/>
  <testcase classname="service.CommentServiceTests" name="serviceGetCommentsByNegativePostID" time="0.0"/>
  <testcase classname="service.CommentServiceTests" name="serviceGetCommentsByPostID" time="0.001"/>
  <testcase classname="dao.RelationshipsDAOTests" name="followByIds" time="0.923"/>
  <testcase classname="dao.RelationshipsDAOTests" name="followByIdsNonExistingMyId" time="0.93"/>
  <testcase classname="dao.RelationshipsDAOTests" name="followByIdsNonExistingTargetId" time="1.067"/>
  <testcase classname="dao.RelationshipsDAOTests" name="getFollowersByNonExistingUserId" time="0.92"/>
  <testcase classname="dao.RelationshipsDAOTests" name="getFollowersByUserId" time="0.927"/>
  <testcase classname="dao.RelationshipsDAOTests" name="getFollowingByNonExistingUserId" time="0.941"/>
  <testcase classname="dao.RelationshipsDAOTests" name="getFollowingByUserId" time="0.927"/>
  <testcase classname="dao.RelationshipsDAOTests" name="getLikesByNonExistingPostId" time="0.935"/>
  <testcase classname="dao.RelationshipsDAOTests" name="getLikesByPostId" time="0.951"/>
  <testcase classname="dao.RelationshipsDAOTests" name="likeByIds" time="0.933"/>
  <testcase classname="dao.RelationshipsDAOTests" name="likeByIdsNonExistingPostId" time="0.927"/>
  <testcase classname="dao.RelationshipsDAOTests" name="likeByIdsNonExistingUserId" time="0.93"/>
  <testcase classname="dao.RelationshipsDAOTests" name="unfollowByIds" time="0.93"/>
  <testcase classname="dao.RelationshipsDAOTests" name="unfollowByIdsNonExistingMyId" time="0.938"/>
  <testcase classname="dao.RelationshipsDAOTests" name="unfollowByIdsNonExistingTargetId" time="0.935"/>
  <testcase classname="dao.RelationshipsDAOTests" name="unlikeByIds" time="0.937"/>
  <testcase classname="dao.RelationshipsDAOTests" name="unlikeByIdsNonExistingPostId" time="0.933"/>
  <testcase classname="dao.RelationshipsDAOTests" name="unlikeByIdsNonExistingUserId" time="0.916"/>
  <testcase classname="service.RelationshipsServiceTests" name="serviceFollowByIdsNegativeIds" time="0.001"/>
  <testcase classname="service.RelationshipsServiceTests" name="serviceFollowByIdsNegativeMyId" time="0.0"/>
  <testcase classname="service.RelationshipsServiceTests" name="serviceFollowByIdsNegativeTargetId" time="0.0"/>
  <testcase classname="service.RelationshipsServiceTests" name="serviceFollowByIdsValid" time="0.001"/>
  <testcase classname="service.RelationshipsServiceTests" name="serviceGetFollowersByUserIdNegativeUserId" time="0.0"/>
  <testcase classname="service.RelationshipsServiceTests" name="serviceGetFollowersByUserIdValid" time="0.0"/>
  <testcase classname="service.RelationshipsServiceTests" name="serviceGetFollowingByUserIdNegativeUserId" time="0.0"/>
  <testcase classname="service.RelationshipsServiceTests" name="serviceGetFollowingByUserIdValid" time="0.0"/>
  <testcase classname="service.RelationshipsServiceTests" name="serviceLikeByIdsNegativeIds" time="0.001"/>
  <testcase classname="service.RelationshipsServiceTests" name="serviceLikeByIdsNegativePostId" time="0.0"/>
  <testcase classname="service.RelationshipsServiceTests" name="serviceLikeByIdsNegativeUserId" time="0.0"/>
  <testcase classname="service.RelationshipsServiceTests" name="serviceLikeByIdsValid" time="0.0"/>
  <testcase classname="service.RelationshipsServiceTests" name="serviceUnfollowByIdsNegativeIds" time="0.0"/>
  <testcase classname="service.RelationshipsServiceTests" name="serviceUnfollowByIdsNegativeMyId" time="0.0"/>
  <testcase classname="service.RelationshipsServiceTests" name="serviceUnfollowByIdsNegativeTargetId" time="0.0"/>
  <testcase classname="service.RelationshipsServiceTests" name="serviceUnfollowByIdsValid" time="0.001"/>
  <testcase classname="service.RelationshipsServiceTests" name="serviceUnlikeByIdsNegativeIds" time="0.0"/>
  <testcase classname="service.RelationshipsServiceTests" name="serviceUnlikeByIdsNegativePostId" time="0.0"/>
  <testcase classname="service.RelationshipsServiceTests" name="serviceUnlikeByIdsNegativeUserId" time="0.0"/>
  <testcase classname="service.RelationshipsServiceTests" name="serviceUnlikeByIdsValid" time="0.0"/>
  <testcase classname="service.PostServiceTests" name="serviceCreatePostEmptyString" time="0.0"/>
  <testcase classname="service.PostServiceTests" name="serviceCreatePostLongsString" time="0.0"/>
  <testcase classname="service.PostServiceTests" name="serviceCreatePostNegativeUserId" time="0.0"/>
  <testcase classname="service.PostServiceTests" name="serviceCreatePostValid" time="0.0"/>
  <testcase classname="service.PostServiceTests" name="serviceDeletePostByIdInvalidId" time="0.001"/>
  <testcase classname="service.PostServiceTests" name="serviceDeletePostByIdValid" time="0.0"/>
  <testcase classname="service.PostServiceTests" name="serviceGetPostByIdInvalidId" time="0.0"/>
  <testcase classname="service.PostServiceTests" name="serviceGetPostByIdValid" time="0.001"/>
  <testcase classname="service.PostServiceTests" name="serviceGetPostByUserIdInvalidId" time="0.0"/>
  <testcase classname="service.PostServiceTests" name="serviceGetPostByUserIdValid" time="0.001"/>
  <testcase classname="service.PostServiceTests" name="serviceGetPostModuleByIdInvalidId" time="0.0"/>
  <testcase classname="service.PostServiceTests" name="serviceGetPostModuleByIdValid" time="0.0"/>
  <testcase classname="dao.PostDAOTests" name="createPost" time="1.09"/>
  <testcase classname="dao.PostDAOTests" name="createPostWrongUserId" time="0.928"/>
  <testcase classname="dao.PostDAOTests" name="deletePostsByPostId" time="0.935"/>
  <testcase classname="dao.PostDAOTests" name="getAllPosts" time="0.984"/>
  <testcase classname="dao.PostDAOTests" name="getPostById" time="0.926"/>
  <testcase classname="dao.PostDAOTests" name="getPostByNonExistingId" time="0.926"/>
  <testcase classname="dao.PostDAOTests" name="getPostsByNonExistingUserId" time="0.925"/>
  <testcase classname="dao.PostDAOTests" name="getPostsByUserId" time="0.931"/>
</testsuite> <!-- Revature_project2 -->
