<?xml version="1.0" encoding="UTF-8"?>
<!-- Generated by org.testng.reporters.JUnitReportReporter -->
<testsuite hostname="MSI" failures="0" tests="20" name="service.RelationshipsServiceTests" time="0.005" errors="0" timestamp="2022-01-12T11:34:54 PST" skipped="0">
  <testcase classname="service.RelationshipsServiceTests" name="serviceGetFollowersByUserIdNegativeUserId" time="0.000"/>
  <system-out/>
  <testcase classname="service.RelationshipsServiceTests" name="serviceUnlikeByIdsNegativeUserId" time="0.000"/>
  <system-out/>
  <testcase classname="service.RelationshipsServiceTests" name="serviceUnlikeByIdsNegativeIds" time="0.000"/>
  <system-out/>
  <testcase classname="service.RelationshipsServiceTests" name="serviceFollowByIdsNegativeMyId" time="0.001"/>
  <system-out/>
  <testcase classname="service.RelationshipsServiceTests" name="serviceGetFollowersByUserIdValid" time="0.001"/>
  <system-out/>
  <testcase classname="service.RelationshipsServiceTests" name="serviceFollowByIdsNegativeIds" time="0.000"/>
  <system-out/>
  <testcase classname="service.RelationshipsServiceTests" name="serviceUnfollowByIdsNegativeTargetId" time="0.000"/>
  <system-out/>
  <testcase classname="service.RelationshipsServiceTests" name="serviceUnfollowByIdsValid" time="0.000"/>
  <system-out/>
  <testcase classname="service.RelationshipsServiceTests" name="serviceFollowByIdsValid" time="0.001"/>
  <system-out/>
  <testcase classname="service.RelationshipsServiceTests" name="serviceGetFollowingByUserIdValid" time="0.000"/>
  <system-out/>
  <testcase classname="service.RelationshipsServiceTests" name="serviceLikeByIdsNegativeIds" time="0.000"/>
  <system-out/>
  <testcase classname="service.RelationshipsServiceTests" name="serviceUnfollowByIdsNegativeMyId" time="0.001"/>
  <system-out/>
  <testcase classname="service.RelationshipsServiceTests" name="serviceFollowByIdsNegativeTargetId" time="0.000"/>
  <system-out/>
  <testcase classname="service.RelationshipsServiceTests" name="serviceLikeByIdsNegativeUserId" time="0.000"/>
  <system-out/>
  <testcase classname="service.RelationshipsServiceTests" name="serviceUnfollowByIdsNegativeIds" time="0.000"/>
  <system-out/>
  <testcase classname="service.RelationshipsServiceTests" name="serviceLikeByIdsNegativePostId" time="0.000"/>
  <system-out/>
  <testcase classname="service.RelationshipsServiceTests" name="serviceUnlikeByIdsValid" time="0.000"/>
  <system-out/>
  <testcase classname="service.RelationshipsServiceTests" name="serviceLikeByIdsValid" time="0.001"/>
  <system-out/>
  <testcase classname="service.RelationshipsServiceTests" name="serviceGetFollowingByUserIdNegativeUserId" time="0.000"/>
  <system-out/>
  <testcase classname="service.RelationshipsServiceTests" name="serviceUnlikeByIdsNegativePostId" time="0.000"/>
  <system-out/>
</testsuite> <!-- service.RelationshipsServiceTests -->
